[14:28:55] === SESSION START 2026-02-27 14:28:55 ===
[14:29:08] > sat 25544
[14:29:08] Loaded satellite: ISS (ZARYA) (NORAD 25544)
[14:29:10] > delta
[14:29:16] === SESSION END 2026-02-27 14:29:16 ===

[14:29:38] === SESSION START 2026-02-27 14:29:38 ===
[14:29:47] > sat 25544
[14:29:47] Loaded satellite: ISS (ZARYA) (NORAD 25544)
[14:29:51] > delta
[14:31:02] === SESSION END 2026-02-27 14:31:02 ===

[14:31:51] === SESSION START 2026-02-27 14:31:51 ===
[14:32:04] > sat 25544
[14:32:04] Loaded satellite: ISS (ZARYA) (NORAD 25544)
[14:32:09] > delta
[14:36:16] === SESSION END 2026-02-27 14:36:16 ===

[14:36:18] === SESSION START 2026-02-27 14:36:18 ===
[14:36:55] > sat 25544
[14:36:55] Loaded satellite: ISS (ZARYA) (NORAD 25544)
[14:36:59] > delta
[14:37:34] === SESSION END 2026-02-27 14:37:34 ===

